0 info it worked if it ends with ok
1 verbose cli [ '/usr/local/bin/node',
1 verbose cli   '/usr/local/bin/npm',
1 verbose cli   'run',
1 verbose cli   'ngrok',
1 verbose cli   'rok' ]
2 info using npm@4.1.2
3 info using node@v6.9.5
4 verbose run-script [ 'prengrok', 'ngrok', 'postngrok' ]
5 info lifecycle reminizBot@1.0.0~prengrok: reminizBot@1.0.0
6 silly lifecycle reminizBot@1.0.0~prengrok: no script for prengrok, continuing
7 info lifecycle reminizBot@1.0.0~ngrok: reminizBot@1.0.0
8 verbose lifecycle reminizBot@1.0.0~ngrok: unsafe-perm in lifecycle true
9 verbose lifecycle reminizBot@1.0.0~ngrok: PATH: /usr/local/lib/node_modules/npm/bin/node-gyp-bin:/Users/antoninarcher/code/nicknem/reminiz-bot/node_modules/.bin:./bin:/usr/local/bin:/usr/bin:/bin:/usr/sbin:/sbin:/usr/local/sbin
10 verbose lifecycle reminizBot@1.0.0~ngrok: CWD: /Users/antoninarcher/code/nicknem/reminiz-bot
11 silly lifecycle reminizBot@1.0.0~ngrok: Args: [ '-c', './node_modules/ngrok/bin/ngrok http 5000 "rok"' ]
12 silly lifecycle reminizBot@1.0.0~ngrok: Returned: code: 1  signal: null
13 info lifecycle reminizBot@1.0.0~ngrok: Failed to exec ngrok script
14 verbose stack Error: reminizBot@1.0.0 ngrok: `./node_modules/ngrok/bin/ngrok http 5000 "rok"`
14 verbose stack Exit status 1
14 verbose stack     at EventEmitter.<anonymous> (/usr/local/lib/node_modules/npm/lib/utils/lifecycle.js:279:16)
14 verbose stack     at emitTwo (events.js:106:13)
14 verbose stack     at EventEmitter.emit (events.js:191:7)
14 verbose stack     at ChildProcess.<anonymous> (/usr/local/lib/node_modules/npm/lib/utils/spawn.js:40:14)
14 verbose stack     at emitTwo (events.js:106:13)
14 verbose stack     at ChildProcess.emit (events.js:191:7)
14 verbose stack     at maybeClose (internal/child_process.js:877:16)
14 verbose stack     at Process.ChildProcess._handle.onexit (internal/child_process.js:226:5)
15 verbose pkgid reminizBot@1.0.0
16 verbose cwd /Users/antoninarcher/code/nicknem/reminiz-bot
17 error Darwin 16.4.0
18 error argv "/usr/local/bin/node" "/usr/local/bin/npm" "run" "ngrok" "rok"
19 error node v6.9.5
20 error npm  v4.1.2
21 error code ELIFECYCLE
22 error reminizBot@1.0.0 ngrok: `./node_modules/ngrok/bin/ngrok http 5000 "rok"`
22 error Exit status 1
23 error Failed at the reminizBot@1.0.0 ngrok script './node_modules/ngrok/bin/ngrok http 5000 "rok"'.
23 error Make sure you have the latest version of node.js and npm installed.
23 error If you do, this is most likely a problem with the reminizBot package,
23 error not with npm itself.
23 error Tell the author that this fails on your system:
23 error     ./node_modules/ngrok/bin/ngrok http 5000 "rok"
23 error You can get information on how to open an issue for this project with:
23 error     npm bugs reminizBot
23 error Or if that isn't available, you can get their info via:
23 error     npm owner ls reminizBot
23 error There is likely additional logging output above.
24 verbose exit [ 1, true ]
